0 info it worked if it ends with ok
1 verbose cli [ 'C:\\Program Files\\nodejs\\\\node.exe',
1 verbose cli   'C:\\Program Files\\nodejs\\node_modules\\npm\\bin\\npm-cli.js',
1 verbose cli   'run',
1 verbose cli   'lint:check' ]
2 info using npm@1.3.24
3 info using node@v0.10.25
4 verbose node symlink C:\Program Files\nodejs\\node.exe
5 verbose run-script [ 'prelint:check', 'lint:check', 'postlint:check' ]
6 info prelint:check clone-tabnews@1.0.0
7 info lint:check clone-tabnews@1.0.0
8 verbose unsafe-perm in lifecycle true
9 info clone-tabnews@1.0.0 Failed to exec lint:check script
10 error clone-tabnews@1.0.0 lint:check: `prettier --check .`
10 error Exit status 1
11 error Failed at the clone-tabnews@1.0.0 lint:check script.
11 error This is most likely a problem with the clone-tabnews package,
11 error not with npm itself.
11 error Tell the author that this fails on your system:
11 error     prettier --check .
11 error You can get their info via:
11 error     npm owner ls clone-tabnews
11 error There is likely additional logging output above.
12 error System Windows_NT 6.2.9200
13 error command "C:\\Program Files\\nodejs\\\\node.exe" "C:\\Program Files\\nodejs\\node_modules\\npm\\bin\\npm-cli.js" "run" "lint:check"
14 error cwd C:\ws-personal\ws-node\clone-tabnews
15 error node -v v0.10.25
16 error npm -v 1.3.24
17 error code ELIFECYCLE
18 verbose exit [ 1, true ]
